INFO: '  T0: Load res/models/psionic/dwarf/x/dwarf2.x0' in assimp-importer.cpp(line 57) at Mar 23 2013 02:51:22
INFO: '  T0: Found a matching importer for this file format0' in assimp-importer.cpp(line 57) at Mar 23 2013 02:51:22
INFO: '  T0: Import root directory is 'res/models/psionic/dwarf/x/'0' in assimp-importer.cpp(line 57) at Mar 23 2013 02:51:22
INFO: '  T0: Entering post processing pipeline0' in assimp-importer.cpp(line 57) at Mar 23 2013 02:51:22
INFO: '  T0: Points: 0, Lines: 0, Triangles: 2, Polygons: 0 (Meshes, X = removed)0' in assimp-importer.cpp(line 57) at Mar 23 2013 02:51:22
INFO: '  T0: CalcTangentsProcess finished. Tangents have been calculated0' in assimp-importer.cpp(line 57) at Mar 23 2013 02:51:22
INFO: '  T0: JoinVerticesProcess finished | Verts in: 5688 out: 2001 | ~64,8%0' in assimp-importer.cpp(line 57) at Mar 23 2013 02:51:22
INFO: '  T0: Cache relevant are 2 meshes (1896 faces). Average output ACMR is 1,1503160' in assimp-importer.cpp(line 57) at Mar 23 2013 02:51:22
INFO: '  T0: Leaving post processing pipeline0' in assimp-importer.cpp(line 57) at Mar 23 2013 02:51:22
INFO: 'Shader 'mesh' compiled.' in shader-state.cpp(line 87) at Mar 23 2013 02:51:22
INFO: 'Shader 'mesh' compiled.' in shader-state.cpp(line 87) at Mar 23 2013 02:51:22
INFO: 'Shader 'mesh' compiled.' in shader-state.cpp(line 87) at Mar 23 2013 02:51:22
INFO: 'Shader 'shading.deferred.ambient' compiled.' in shader-state.cpp(line 87) at Mar 23 2013 02:51:22
INFO: 'Shader 'shading.deferred.point' compiled.' in shader-state.cpp(line 87) at Mar 23 2013 02:51:22
INFO: 'Shader 'shading.deferred.spot' compiled.' in shader-state.cpp(line 87) at Mar 23 2013 02:51:22
INFO: 'Shader 'sky.scattering' compiled.' in shader-state.cpp(line 87) at Mar 23 2013 02:51:22
INFO: 'Shader 'sky.starMap' compiled.' in shader-state.cpp(line 87) at Mar 23 2013 02:51:22
INFO: 'Shader 'sky.skyBox' compiled.' in shader-state.cpp(line 87) at Mar 23 2013 02:51:22
INFO: 'Shader 'shading.deferred.directional' compiled.' in shader-state.cpp(line 87) at Mar 23 2013 02:51:22
INFO: 'Shader 'fog.volumetric.spot' compiled.' in shader-state.cpp(line 87) at Mar 23 2013 02:51:22
INFO: 'Shader 'fog.volumetric.point' compiled.' in shader-state.cpp(line 87) at Mar 23 2013 02:51:22
INFO: 'Shader 'cloud_particles.update' compiled.' in shader-state.cpp(line 87) at Mar 23 2013 02:51:22
INFO: 'Shader 'rain_particles.draw' compiled.' in shader-state.cpp(line 87) at Mar 23 2013 02:51:22
INFO: 'Shader 'texture_mapped_text' compiled.' in shader-state.cpp(line 87) at Mar 23 2013 02:51:22
INFO: 'Selection changed. id=4 instance=0' in factory.cpp(line 168) at Mar 23 2013 02:51:22
INFO: 'Selection changed. id=0 instance=0' in factory.cpp(line 168) at Mar 23 2013 02:51:22
INFO: 'Selection changed. id=2 instance=0' in factory.cpp(line 168) at Mar 23 2013 02:51:22
INFO: 'Selection changed. id=4 instance=0' in factory.cpp(line 168) at Mar 23 2013 02:51:22
INFO: 'Selection changed. id=3 instance=0' in factory.cpp(line 168) at Mar 23 2013 02:51:22
INFO: 'Selection changed. id=4 instance=0' in factory.cpp(line 168) at Mar 23 2013 02:51:22
INFO: 'Selection changed. id=3 instance=0' in factory.cpp(line 168) at Mar 23 2013 02:51:22
INFO: 'Selection changed. id=2 instance=0' in factory.cpp(line 168) at Mar 23 2013 02:51:22
INFO: 'Selection changed. id=0 instance=0' in factory.cpp(line 168) at Mar 23 2013 02:51:22
INFO: 'Selection changed. id=2 instance=0' in factory.cpp(line 168) at Mar 23 2013 02:51:22
INFO: 'Selection changed. id=0 instance=0' in factory.cpp(line 168) at Mar 23 2013 02:51:22
INFO: 'Selection changed. id=2 instance=0' in factory.cpp(line 168) at Mar 23 2013 02:51:22
INFO: 'Selection changed. id=0 instance=0' in factory.cpp(line 168) at Mar 23 2013 02:51:22
